<?xml version="1.0" encoding="UTF-8"?>
<!-- Generated by org.testng.reporters.JUnitReportReporter -->
<testsuite hostname="WPW-WANW-02" name="worldpay.QS.SeleniumRGNG.VeraScanTest" tests="1" failures="0" timestamp="30 Oct 2015 19:04:54 GMT" time="679.921" errors="0">
  <testcase name="run" time="679.921" classname="worldpay.QS.SeleniumRGNG.VeraScanTest"/>
</testsuite> <!-- worldpay.QS.SeleniumRGNG.VeraScanTest -->
